<?xml version="1.0" encoding="UTF-8"?>
<!-- Generated by org.testng.reporters.JUnitXMLReporter -->
<testsuite hostname="HP15" name="TestMySystem" tests="1" failures="1" timestamp="16 Feb 2017 09:42:29 GMT" time="11.131" errors="0">
  <testcase name="SystemCheck" time="11.128" classname="dd_test.TestMySystem">
    <failure type="java.lang.IndexOutOfBoundsException" message="Index: 1, Size: 1">
      <![CDATA[java.lang.IndexOutOfBoundsException: Index: 1, Size: 1
	at java.util.ArrayList.rangeCheck(Unknown Source)
	at java.util.ArrayList.get(Unknown Source)
	at dd_test.TestMySystem.SystemCheck(TestMySystem.java:55)
... Removed 24 stack frames]]>
    </failure>
  </testcase> <!-- SystemCheck -->
</testsuite> <!-- TestMySystem -->
